# JRE version: OpenJDK Runtime Environment (11.0.10) (build 11.0.10+0-b96-7249189)
# Java VM: OpenJDK 64-Bit Server VM (11.0.10+0-b96-7249189, mixed mode, tiered, compressed oops, g1 gc, windows-amd64)
Heap:
 garbage-first heap   total 958464K, used 162264K [0x0000000080000000, 0x0000000100000000)
  region size 1024K, 6 young (6144K), 6 survivors (6144K)
 Metaspace       used 124571K, capacity 129028K, committed 129612K, reserved 1161216K
  class space    used 15261K, capacity 16808K, committed 16972K, reserved 1048576K
GC Heap History (20 events):
Event: 5178.109 GC heap after
{Heap after GC invocations=77 (full 0):
 garbage-first heap   total 319488K, used 263167K [0x0000000080000000, 0x0000000100000000)
  region size 1024K, 2 young (2048K), 2 survivors (2048K)
 Metaspace       used 124612K, capacity 129109K, committed 129356K, reserved 1161216K
  class space    used 15332K, capacity 16946K, committed 16972K, reserved 1048576K
}
Event: 5178.351 GC heap before
{Heap before GC invocations=77 (full 0):
 garbage-first heap   total 319488K, used 275455K [0x0000000080000000, 0x0000000100000000)
  region size 1024K, 15 young (15360K), 2 survivors (2048K)
 Metaspace       used 124613K, capacity 129109K, committed 129356K, reserved 1161216K
  class space    used 15332K, capacity 16946K, committed 16972K, reserved 1048576K
}
Event: 5178.361 GC heap after
{Heap after GC invocations=78 (full 0):
 garbage-first heap   total 319488K, used 265720K [0x0000000080000000, 0x0000000100000000)
  region size 1024K, 2 young (2048K), 2 survivors (2048K)
 Metaspace       used 124613K, capacity 129109K, committed 129356K, reserved 1161216K
  class space    used 15332K, capacity 16946K, committed 16972K, reserved 1048576K
}
Event: 5178.493 GC heap before
{Heap before GC invocations=78 (full 0):
 garbage-first heap   total 319488K, used 222712K [0x0000000080000000, 0x0000000100000000)
  region size 1024K, 15 young (15360K), 2 survivors (2048K)
 Metaspace       used 124312K, capacity 128633K, committed 129356K, reserved 1161216K
  class space    used 15242K, capacity 16775K, committed 16972K, reserved 1048576K
}
Event: 5178.502 GC heap after
{Heap after GC invocations=79 (full 0):
 garbage-first heap   total 319488K, used 210412K [0x0000000080000000, 0x0000000100000000)
  region size 1024K, 2 young (2048K), 2 survivors (2048K)
 Metaspace       used 124312K, capacity 128633K, committed 129356K, reserved 1161216K
  class space    used 15242K, capacity 16775K, committed 16972K, reserved 1048576K
}
Event: 5178.766 GC heap before
{Heap before GC invocations=80 (full 0):
 garbage-first heap   total 319488K, used 251372K [0x0000000080000000, 0x0000000100000000)
  region size 1024K, 40 young (40960K), 2 survivors (2048K)
 Metaspace       used 124312K, capacity 128633K, committed 129356K, reserved 1161216K
  class space    used 15242K, capacity 16775K, committed 16972K, reserved 1048576K
}
Event: 5178.780 GC heap after
{Heap after GC invocations=81 (full 0):
 garbage-first heap   total 319488K, used 219776K [0x0000000080000000, 0x0000000100000000)
  region size 1024K, 5 young (5120K), 5 survivors (5120K)
 Metaspace       used 124312K, capacity 128633K, committed 129356K, reserved 1161216K
  class space    used 15242K, capacity 16775K, committed 16972K, reserved 1048576K
}
Event: 5178.792 GC heap before
{Heap before GC invocations=81 (full 0):
 garbage-first heap   total 319488K, used 230016K [0x0000000080000000, 0x0000000100000000)
  region size 1024K, 15 young (15360K), 5 survivors (5120K)
 Metaspace       used 124312K, capacity 128633K, committed 129356K, reserved 1161216K
  class space    used 15242K, capacity 16775K, committed 16972K, reserved 1048576K
}
Event: 5178.806 GC heap after
{Heap after GC invocations=82 (full 0):
 garbage-first heap   total 319488K, used 189437K [0x0000000080000000, 0x0000000100000000)
  region size 1024K, 2 young (2048K), 2 survivors (2048K)
 Metaspace       used 124312K, capacity 128633K, committed 129356K, reserved 1161216K
  class space    used 15242K, capacity 16775K, committed 16972K, reserved 1048576K
}
Event: 5178.830 GC heap before
{Heap before GC invocations=82 (full 0):
 garbage-first heap   total 319488K, used 202749K [0x0000000080000000, 0x0000000100000000)
  region size 1024K, 15 young (15360K), 2 survivors (2048K)
 Metaspace       used 124312K, capacity 128633K, committed 129356K, reserved 1161216K
  class space    used 15242K, capacity 16775K, committed 16972K, reserved 1048576K
}
Event: 5178.853 GC heap after
{Heap after GC invocations=83 (full 0):
 garbage-first heap   total 319488K, used 157945K [0x0000000080000000, 0x0000000100000000)
  region size 1024K, 2 young (2048K), 2 survivors (2048K)
 Metaspace       used 124312K, capacity 128633K, committed 129356K, reserved 1161216K
  class space    used 15242K, capacity 16775K, committed 16972K, reserved 1048576K
}
Event: 5178.925 GC heap before
{Heap before GC invocations=83 (full 0):
 garbage-first heap   total 319488K, used 178425K [0x0000000080000000, 0x0000000100000000)
  region size 1024K, 15 young (15360K), 2 survivors (2048K)
 Metaspace       used 124312K, capacity 128633K, committed 129356K, reserved 1161216K
  class space    used 15242K, capacity 16775K, committed 16972K, reserved 1048576K
}
Event: 5179.128 GC heap after
{Heap after GC invocations=84 (full 0):
 garbage-first heap   total 319488K, used 154789K [0x0000000080000000, 0x0000000100000000)
  region size 1024K, 2 young (2048K), 2 survivors (2048K)
 Metaspace       used 124312K, capacity 128633K, committed 129356K, reserved 1161216K
  class space    used 15242K, capacity 16775K, committed 16972K, reserved 1048576K
}
Event: 5180.313 GC heap before
{Heap before GC invocations=84 (full 0):
 garbage-first heap   total 319488K, used 224421K [0x0000000080000000, 0x0000000100000000)
  region size 1024K, 67 young (68608K), 2 survivors (2048K)
 Metaspace       used 124358K, capacity 128703K, committed 129356K, reserved 1161216K
  class space    used 15252K, capacity 16793K, committed 16972K, reserved 1048576K
}
Event: 5180.326 GC heap after
{Heap after GC invocations=85 (full 0):
 garbage-first heap   total 319488K, used 152650K [0x0000000080000000, 0x0000000100000000)
  region size 1024K, 6 young (6144K), 6 survivors (6144K)
 Metaspace       used 124358K, capacity 128703K, committed 129356K, reserved 1161216K
  class space    used 15252K, capacity 16793K, committed 16972K, reserved 1048576K
}
Event: 5180.732 GC heap before
{Heap before GC invocations=85 (full 0):
 garbage-first heap   total 319488K, used 225354K [0x0000000080000000, 0x0000000100000000)
  region size 1024K, 78 young (79872K), 6 survivors (6144K)
 Metaspace       used 124376K, capacity 128704K, committed 129356K, reserved 1161216K
  class space    used 15252K, capacity 16793K, committed 16972K, reserved 1048576K
}
Event: 5180.746 GC heap after
{Heap after GC invocations=86 (full 0):
 garbage-first heap   total 319488K, used 159720K [0x0000000080000000, 0x0000000100000000)
  region size 1024K, 10 young (10240K), 10 survivors (10240K)
 Metaspace       used 124376K, capacity 128704K, committed 129356K, reserved 1161216K
  class space    used 15252K, capacity 16793K, committed 16972K, reserved 1048576K
}
Event: 5181.980 GC heap before
{Heap before GC invocations=86 (full 0):
 garbage-first heap   total 319488K, used 234472K [0x0000000080000000, 0x0000000100000000)
  region size 1024K, 83 young (84992K), 10 survivors (10240K)
 Metaspace       used 124438K, capacity 128776K, committed 129356K, reserved 1161216K
  class space    used 15252K, capacity 16793K, committed 16972K, reserved 1048576K
}
Event: 5181.989 GC heap after
{Heap after GC invocations=87 (full 0):
 garbage-first heap   total 319488K, used 158030K [0x0000000080000000, 0x0000000100000000)
  region size 1024K, 2 young (2048K), 2 survivors (2048K)
 Metaspace       used 124438K, capacity 128776K, committed 129356K, reserved 1161216K
  class space    used 15252K, capacity 16793K, committed 16972K, reserved 1048576K
}
Event: 5394.539 GC heap before
{Heap before GC invocations=87 (full 0):
 garbage-first heap   total 319488K, used 256334K [0x0000000080000000, 0x0000000100000000)
  region size 1024K, 79 young (80896K), 2 survivors (2048K)
 Metaspace       used 124571K, capacity 129028K, committed 129612K, reserved 1161216K
  class space    used 15261K, capacity 16808K, committed 16972K, reserved 1048576K
}

