# JRE version: OpenJDK Runtime Environment (11.0.10) (build 11.0.10+0-b96-7249189)
# Java VM: OpenJDK 64-Bit Server VM (11.0.10+0-b96-7249189, mixed mode, tiered, compressed oops, g1 gc, windows-amd64)
Heap:
 garbage-first heap   total 346112K, used 153527K [0x0000000080000000, 0x0000000100000000)
  region size 1024K, 3 young (3072K), 3 survivors (3072K)
 Metaspace       used 141026K, capacity 145676K, committed 146236K, reserved 1177600K
  class space    used 17102K, capacity 18785K, committed 19004K, reserved 1048576K
GC Heap History (20 events):
Event: 23457.758 GC heap after
{Heap after GC invocations=273 (full 0):
 garbage-first heap   total 229376K, used 151283K [0x0000000080000000, 0x0000000100000000)
  region size 1024K, 2 young (2048K), 2 survivors (2048K)
 Metaspace       used 140926K, capacity 145523K, committed 146236K, reserved 1177600K
  class space    used 17097K, capacity 18779K, committed 19004K, reserved 1048576K
}
Event: 23458.058 GC heap before
{Heap before GC invocations=273 (full 0):
 garbage-first heap   total 229376K, used 182003K [0x0000000080000000, 0x0000000100000000)
  region size 1024K, 31 young (31744K), 2 survivors (2048K)
 Metaspace       used 140938K, capacity 145534K, committed 146236K, reserved 1177600K
  class space    used 17099K, capacity 18783K, committed 19004K, reserved 1048576K
}
Event: 23458.097 GC heap after
{Heap after GC invocations=274 (full 0):
 garbage-first heap   total 229376K, used 158988K [0x0000000080000000, 0x0000000100000000)
  region size 1024K, 4 young (4096K), 4 survivors (4096K)
 Metaspace       used 140938K, capacity 145534K, committed 146236K, reserved 1177600K
  class space    used 17099K, capacity 18783K, committed 19004K, reserved 1048576K
}
Event: 23458.217 GC heap before
{Heap before GC invocations=275 (full 0):
 garbage-first heap   total 229376K, used 193804K [0x0000000080000000, 0x0000000100000000)
  region size 1024K, 31 young (31744K), 4 survivors (4096K)
 Metaspace       used 140939K, capacity 145534K, committed 146236K, reserved 1177600K
  class space    used 17099K, capacity 18783K, committed 19004K, reserved 1048576K
}
Event: 23458.234 GC heap after
{Heap after GC invocations=276 (full 0):
 garbage-first heap   total 229376K, used 169926K [0x0000000080000000, 0x0000000100000000)
  region size 1024K, 4 young (4096K), 4 survivors (4096K)
 Metaspace       used 140939K, capacity 145534K, committed 146236K, reserved 1177600K
  class space    used 17099K, capacity 18783K, committed 19004K, reserved 1048576K
}
Event: 23458.286 GC heap before
{Heap before GC invocations=276 (full 0):
 garbage-first heap   total 229376K, used 177094K [0x0000000080000000, 0x0000000100000000)
  region size 1024K, 11 young (11264K), 4 survivors (4096K)
 Metaspace       used 140961K, capacity 145534K, committed 146236K, reserved 1177600K
  class space    used 17099K, capacity 18783K, committed 19004K, reserved 1048576K
}
Event: 23458.307 GC heap after
{Heap after GC invocations=277 (full 0):
 garbage-first heap   total 229376K, used 166642K [0x0000000080000000, 0x0000000100000000)
  region size 1024K, 1 young (1024K), 1 survivors (1024K)
 Metaspace       used 140961K, capacity 145534K, committed 146236K, reserved 1177600K
  class space    used 17099K, capacity 18783K, committed 19004K, reserved 1048576K
}
Event: 23461.861 GC heap before
{Heap before GC invocations=277 (full 0):
 garbage-first heap   total 229376K, used 191218K [0x0000000080000000, 0x0000000100000000)
  region size 1024K, 25 young (25600K), 1 survivors (1024K)
 Metaspace       used 140990K, capacity 145547K, committed 146236K, reserved 1177600K
  class space    used 17100K, capacity 18785K, committed 19004K, reserved 1048576K
}
Event: 23461.867 GC heap after
{Heap after GC invocations=278 (full 0):
 garbage-first heap   total 229376K, used 168832K [0x0000000080000000, 0x0000000100000000)
  region size 1024K, 3 young (3072K), 3 survivors (3072K)
 Metaspace       used 140990K, capacity 145547K, committed 146236K, reserved 1177600K
  class space    used 17100K, capacity 18785K, committed 19004K, reserved 1048576K
}
Event: 23461.973 GC heap before
{Heap before GC invocations=278 (full 0):
 garbage-first heap   total 229376K, used 191360K [0x0000000080000000, 0x0000000100000000)
  region size 1024K, 26 young (26624K), 3 survivors (3072K)
 Metaspace       used 141003K, capacity 145611K, committed 146236K, reserved 1177600K
  class space    used 17100K, capacity 18785K, committed 19004K, reserved 1048576K
}
Event: 23461.977 GC heap after
{Heap after GC invocations=279 (full 0):
 garbage-first heap   total 229376K, used 171438K [0x0000000080000000, 0x0000000100000000)
  region size 1024K, 3 young (3072K), 3 survivors (3072K)
 Metaspace       used 141003K, capacity 145611K, committed 146236K, reserved 1177600K
  class space    used 17100K, capacity 18785K, committed 19004K, reserved 1048576K
}
Event: 23462.112 GC heap before
{Heap before GC invocations=279 (full 0):
 garbage-first heap   total 229376K, used 176558K [0x0000000080000000, 0x0000000100000000)
  region size 1024K, 25 young (25600K), 3 survivors (3072K)
 Metaspace       used 141005K, capacity 145611K, committed 146236K, reserved 1177600K
  class space    used 17100K, capacity 18785K, committed 19004K, reserved 1048576K
}
Event: 23462.117 GC heap after
{Heap after GC invocations=280 (full 0):
 garbage-first heap   total 229376K, used 154200K [0x0000000080000000, 0x0000000100000000)
  region size 1024K, 1 young (1024K), 1 survivors (1024K)
 Metaspace       used 141005K, capacity 145611K, committed 146236K, reserved 1177600K
  class space    used 17100K, capacity 18785K, committed 19004K, reserved 1048576K
}
Event: 23463.335 GC heap before
{Heap before GC invocations=281 (full 0):
 garbage-first heap   total 229376K, used 187992K [0x0000000080000000, 0x0000000100000000)
  region size 1024K, 33 young (33792K), 1 survivors (1024K)
 Metaspace       used 141018K, capacity 145676K, committed 146236K, reserved 1177600K
  class space    used 17101K, capacity 18785K, committed 19004K, reserved 1048576K
}
Event: 23463.341 GC heap after
{Heap after GC invocations=282 (full 0):
 garbage-first heap   total 229376K, used 162943K [0x0000000080000000, 0x0000000100000000)
  region size 1024K, 5 young (5120K), 5 survivors (5120K)
 Metaspace       used 141018K, capacity 145676K, committed 146236K, reserved 1177600K
  class space    used 17101K, capacity 18785K, committed 19004K, reserved 1048576K
}
Event: 23463.357 GC heap before
{Heap before GC invocations=282 (full 0):
 garbage-first heap   total 229376K, used 168063K [0x0000000080000000, 0x0000000100000000)
  region size 1024K, 11 young (11264K), 5 survivors (5120K)
 Metaspace       used 141018K, capacity 145676K, committed 146236K, reserved 1177600K
  class space    used 17101K, capacity 18785K, committed 19004K, reserved 1048576K
}
Event: 23463.380 GC heap after
{Heap after GC invocations=283 (full 0):
 garbage-first heap   total 229376K, used 151346K [0x0000000080000000, 0x0000000100000000)
  region size 1024K, 2 young (2048K), 2 survivors (2048K)
 Metaspace       used 141018K, capacity 145676K, committed 146236K, reserved 1177600K
  class space    used 17101K, capacity 18785K, committed 19004K, reserved 1048576K
}
Event: 23463.413 GC heap before
{Heap before GC invocations=283 (full 0):
 garbage-first heap   total 229376K, used 160562K [0x0000000080000000, 0x0000000100000000)
  region size 1024K, 11 young (11264K), 2 survivors (2048K)
 Metaspace       used 141018K, capacity 145676K, committed 146236K, reserved 1177600K
  class space    used 17101K, capacity 18785K, committed 19004K, reserved 1048576K
}
Event: 23463.429 GC heap after
{Heap after GC invocations=284 (full 0):
 garbage-first heap   total 229376K, used 152503K [0x0000000080000000, 0x0000000100000000)
  region size 1024K, 2 young (2048K), 2 survivors (2048K)
 Metaspace       used 141018K, capacity 145676K, committed 146236K, reserved 1177600K
  class space    used 17101K, capacity 18785K, committed 19004K, reserved 1048576K
}
Event: 23463.891 GC heap before
{Heap before GC invocations=284 (full 0):
 garbage-first heap   total 229376K, used 184247K [0x0000000080000000, 0x0000000100000000)
  region size 1024K, 33 young (33792K), 2 survivors (2048K)
 Metaspace       used 141026K, capacity 145676K, committed 146236K, reserved 1177600K
  class space    used 17102K, capacity 18785K, committed 19004K, reserved 1048576K
}

