# JRE version: OpenJDK Runtime Environment (11.0.10) (build 11.0.10+0-b96-7249189)
# Java VM: OpenJDK 64-Bit Server VM (11.0.10+0-b96-7249189, mixed mode, tiered, compressed oops, g1 gc, windows-amd64)
Heap:
 garbage-first heap   total 189440K, used 109773K [0x0000000080000000, 0x0000000100000000)
  region size 1024K, 24 young (24576K), 7 survivors (7168K)
 Metaspace       used 123453K, capacity 127930K, committed 128076K, reserved 1161216K
  class space    used 14817K, capacity 16372K, committed 16460K, reserved 1048576K
GC Heap History (20 events):
Event: 10409.484 GC heap before
{Heap before GC invocations=560 (full 0):
 garbage-first heap   total 189440K, used 145119K [0x0000000080000000, 0x0000000100000000)
  region size 1024K, 46 young (47104K), 1 survivors (1024K)
 Metaspace       used 122456K, capacity 126940K, committed 127308K, reserved 1161216K
  class space    used 14683K, capacity 16252K, committed 16460K, reserved 1048576K
}
Event: 10409.491 GC heap after
{Heap after GC invocations=561 (full 0):
 garbage-first heap   total 189440K, used 101850K [0x0000000080000000, 0x0000000100000000)
  region size 1024K, 4 young (4096K), 4 survivors (4096K)
 Metaspace       used 122456K, capacity 126940K, committed 127308K, reserved 1161216K
  class space    used 14683K, capacity 16252K, committed 16460K, reserved 1048576K
}
Event: 10574.662 GC heap before
{Heap before GC invocations=562 (full 0):
 garbage-first heap   total 189440K, used 155098K [0x0000000080000000, 0x0000000100000000)
  region size 1024K, 49 young (50176K), 4 survivors (4096K)
 Metaspace       used 122457K, capacity 126940K, committed 127308K, reserved 1161216K
  class space    used 14683K, capacity 16252K, committed 16460K, reserved 1048576K
}
Event: 10574.670 GC heap after
{Heap after GC invocations=563 (full 0):
 garbage-first heap   total 189440K, used 104498K [0x0000000080000000, 0x0000000100000000)
  region size 1024K, 6 young (6144K), 6 survivors (6144K)
 Metaspace       used 122457K, capacity 126940K, committed 127308K, reserved 1161216K
  class space    used 14683K, capacity 16252K, committed 16460K, reserved 1048576K
}
Event: 10574.685 GC heap before
{Heap before GC invocations=563 (full 0):
 garbage-first heap   total 189440K, used 107570K [0x0000000080000000, 0x0000000100000000)
  region size 1024K, 9 young (9216K), 6 survivors (6144K)
 Metaspace       used 122457K, capacity 126940K, committed 127308K, reserved 1161216K
  class space    used 14683K, capacity 16252K, committed 16460K, reserved 1048576K
}
Event: 10574.693 GC heap after
{Heap after GC invocations=564 (full 0):
 garbage-first heap   total 189440K, used 98181K [0x0000000080000000, 0x0000000100000000)
  region size 1024K, 1 young (1024K), 1 survivors (1024K)
 Metaspace       used 122457K, capacity 126940K, committed 127308K, reserved 1161216K
  class space    used 14683K, capacity 16252K, committed 16460K, reserved 1048576K
}
Event: 10574.875 GC heap before
{Heap before GC invocations=564 (full 0):
 garbage-first heap   total 189440K, used 130949K [0x0000000080000000, 0x0000000100000000)
  region size 1024K, 35 young (35840K), 1 survivors (1024K)
 Metaspace       used 122464K, capacity 126940K, committed 127308K, reserved 1161216K
  class space    used 14683K, capacity 16252K, committed 16460K, reserved 1048576K
}
Event: 10574.898 GC heap after
{Heap after GC invocations=565 (full 0):
 garbage-first heap   total 189440K, used 102440K [0x0000000080000000, 0x0000000100000000)
  region size 1024K, 5 young (5120K), 5 survivors (5120K)
 Metaspace       used 122464K, capacity 126940K, committed 127308K, reserved 1161216K
  class space    used 14683K, capacity 16252K, committed 16460K, reserved 1048576K
}
Event: 10575.188 GC heap before
{Heap before GC invocations=566 (full 0):
 garbage-first heap   total 189440K, used 148520K [0x0000000080000000, 0x0000000100000000)
  region size 1024K, 50 young (51200K), 5 survivors (5120K)
 Metaspace       used 122466K, capacity 126941K, committed 127308K, reserved 1161216K
  class space    used 14683K, capacity 16252K, committed 16460K, reserved 1048576K
}
Event: 10575.193 GC heap after
{Heap after GC invocations=567 (full 0):
 garbage-first heap   total 189440K, used 102953K [0x0000000080000000, 0x0000000100000000)
  region size 1024K, 2 young (2048K), 2 survivors (2048K)
 Metaspace       used 122466K, capacity 126941K, committed 127308K, reserved 1161216K
  class space    used 14683K, capacity 16252K, committed 16460K, reserved 1048576K
}
Event: 10575.212 GC heap before
{Heap before GC invocations=567 (full 0):
 garbage-first heap   total 189440K, used 110121K [0x0000000080000000, 0x0000000100000000)
  region size 1024K, 9 young (9216K), 2 survivors (2048K)
 Metaspace       used 122467K, capacity 126942K, committed 127308K, reserved 1161216K
  class space    used 14683K, capacity 16252K, committed 16460K, reserved 1048576K
}
Event: 10575.217 GC heap after
{Heap after GC invocations=568 (full 0):
 garbage-first heap   total 189440K, used 85309K [0x0000000080000000, 0x0000000100000000)
  region size 1024K, 1 young (1024K), 1 survivors (1024K)
 Metaspace       used 122467K, capacity 126942K, committed 127308K, reserved 1161216K
  class space    used 14683K, capacity 16252K, committed 16460K, reserved 1048576K
}
Event: 10575.278 GC heap before
{Heap before GC invocations=568 (full 0):
 garbage-first heap   total 189440K, used 97597K [0x0000000080000000, 0x0000000100000000)
  region size 1024K, 15 young (15360K), 1 survivors (1024K)
 Metaspace       used 122470K, capacity 126942K, committed 127308K, reserved 1161216K
  class space    used 14683K, capacity 16252K, committed 16460K, reserved 1048576K
}
Event: 10575.281 GC heap after
{Heap after GC invocations=569 (full 0):
 garbage-first heap   total 189440K, used 85009K [0x0000000080000000, 0x0000000100000000)
  region size 1024K, 1 young (1024K), 1 survivors (1024K)
 Metaspace       used 122470K, capacity 126942K, committed 127308K, reserved 1161216K
  class space    used 14683K, capacity 16252K, committed 16460K, reserved 1048576K
}
Event: 11171.698 GC heap before
{Heap before GC invocations=570 (full 0):
 garbage-first heap   total 189440K, used 150545K [0x0000000080000000, 0x0000000100000000)
  region size 1024K, 58 young (59392K), 1 survivors (1024K)
 Metaspace       used 122709K, capacity 127149K, committed 127564K, reserved 1161216K
  class space    used 14705K, capacity 16255K, committed 16460K, reserved 1048576K
}
Event: 11171.708 GC heap after
{Heap after GC invocations=571 (full 0):
 garbage-first heap   total 189440K, used 89684K [0x0000000080000000, 0x0000000100000000)
  region size 1024K, 6 young (6144K), 6 survivors (6144K)
 Metaspace       used 122709K, capacity 127149K, committed 127564K, reserved 1161216K
  class space    used 14705K, capacity 16255K, committed 16460K, reserved 1048576K
}
Event: 11171.848 GC heap before
{Heap before GC invocations=571 (full 0):
 garbage-first heap   total 189440K, used 92756K [0x0000000080000000, 0x0000000100000000)
  region size 1024K, 9 young (9216K), 6 survivors (6144K)
 Metaspace       used 122757K, capacity 127213K, committed 127564K, reserved 1161216K
  class space    used 14708K, capacity 16255K, committed 16460K, reserved 1048576K
}
Event: 11171.853 GC heap after
{Heap after GC invocations=572 (full 0):
 garbage-first heap   total 189440K, used 89719K [0x0000000080000000, 0x0000000100000000)
  region size 1024K, 1 young (1024K), 1 survivors (1024K)
 Metaspace       used 122757K, capacity 127213K, committed 127564K, reserved 1161216K
  class space    used 14708K, capacity 16255K, committed 16460K, reserved 1048576K
}
Event: 11172.779 GC heap before
{Heap before GC invocations=572 (full 0):
 garbage-first heap   total 189440K, used 146039K [0x0000000080000000, 0x0000000100000000)
  region size 1024K, 57 young (58368K), 1 survivors (1024K)
 Metaspace       used 123420K, capacity 127842K, committed 128076K, reserved 1161216K
  class space    used 14812K, capacity 16364K, committed 16460K, reserved 1048576K
}
Event: 11172.809 GC heap after
{Heap after GC invocations=573 (full 0):
 garbage-first heap   total 189440K, used 95437K [0x0000000080000000, 0x0000000100000000)
  region size 1024K, 7 young (7168K), 7 survivors (7168K)
 Metaspace       used 123420K, capacity 127842K, committed 128076K, reserved 1161216K
  class space    used 14812K, capacity 16364K, committed 16460K, reserved 1048576K
}

