# JRE version: OpenJDK Runtime Environment (11.0.10) (build 11.0.10+0-b96-7249189)
# Java VM: OpenJDK 64-Bit Server VM (11.0.10+0-b96-7249189, mixed mode, tiered, compressed oops, g1 gc, windows-amd64)
Heap:
 garbage-first heap   total 189440K, used 144364K [0x0000000080000000, 0x0000000100000000)
  region size 1024K, 58 young (59392K), 9 survivors (9216K)
 Metaspace       used 96360K, capacity 98727K, committed 98944K, reserved 1134592K
  class space    used 12239K, capacity 13096K, committed 13184K, reserved 1048576K
GC Heap History (20 events):
Event: 8.566 GC heap before
{Heap before GC invocations=10 (full 0):
 garbage-first heap   total 157696K, used 62751K [0x0000000080000000, 0x0000000100000000)
  region size 1024K, 31 young (31744K), 12 survivors (12288K)
 Metaspace       used 58495K, capacity 60067K, committed 60160K, reserved 1101824K
  class space    used 7427K, capacity 8008K, committed 8064K, reserved 1048576K
}
Event: 8.579 GC heap after
{Heap after GC invocations=11 (full 0):
 garbage-first heap   total 157696K, used 47572K [0x0000000080000000, 0x0000000100000000)
  region size 1024K, 3 young (3072K), 3 survivors (3072K)
 Metaspace       used 58495K, capacity 60067K, committed 60160K, reserved 1101824K
  class space    used 7427K, capacity 8008K, committed 8064K, reserved 1048576K
}
Event: 9.179 GC heap before
{Heap before GC invocations=12 (full 0):
 garbage-first heap   total 157696K, used 99796K [0x0000000080000000, 0x0000000100000000)
  region size 1024K, 54 young (55296K), 3 survivors (3072K)
 Metaspace       used 63142K, capacity 64738K, committed 65024K, reserved 1105920K
  class space    used 8030K, capacity 8611K, committed 8704K, reserved 1048576K
}
Event: 9.187 GC heap after
{Heap after GC invocations=13 (full 0):
 garbage-first heap   total 189440K, used 50688K [0x0000000080000000, 0x0000000100000000)
  region size 1024K, 6 young (6144K), 6 survivors (6144K)
 Metaspace       used 63142K, capacity 64738K, committed 65024K, reserved 1105920K
  class space    used 8030K, capacity 8611K, committed 8704K, reserved 1048576K
}
Event: 10.036 GC heap before
{Heap before GC invocations=14 (full 0):
 garbage-first heap   total 189440K, used 120320K [0x0000000080000000, 0x0000000100000000)
  region size 1024K, 74 young (75776K), 6 survivors (6144K)
 Metaspace       used 68940K, capacity 70706K, committed 70784K, reserved 1110016K
  class space    used 8936K, capacity 9543K, committed 9600K, reserved 1048576K
}
Event: 10.045 GC heap after
{Heap after GC invocations=15 (full 0):
 garbage-first heap   total 189440K, used 56449K [0x0000000080000000, 0x0000000100000000)
  region size 1024K, 10 young (10240K), 10 survivors (10240K)
 Metaspace       used 68940K, capacity 70706K, committed 70784K, reserved 1110016K
  class space    used 8936K, capacity 9543K, committed 9600K, reserved 1048576K
}
Event: 10.999 GC heap before
{Heap before GC invocations=15 (full 0):
 garbage-first heap   total 189440K, used 127105K [0x0000000080000000, 0x0000000100000000)
  region size 1024K, 79 young (80896K), 10 survivors (10240K)
 Metaspace       used 76330K, capacity 78191K, committed 78336K, reserved 1116160K
  class space    used 9972K, capacity 10630K, committed 10752K, reserved 1048576K
}
Event: 11.009 GC heap after
{Heap after GC invocations=16 (full 0):
 garbage-first heap   total 189440K, used 60738K [0x0000000080000000, 0x0000000100000000)
  region size 1024K, 5 young (5120K), 5 survivors (5120K)
 Metaspace       used 76330K, capacity 78191K, committed 78336K, reserved 1116160K
  class space    used 9972K, capacity 10630K, committed 10752K, reserved 1048576K
}
Event: 12.148 GC heap before
{Heap before GC invocations=16 (full 0):
 garbage-first heap   total 189440K, used 131394K [0x0000000080000000, 0x0000000100000000)
  region size 1024K, 75 young (76800K), 5 survivors (5120K)
 Metaspace       used 78972K, capacity 81109K, committed 81280K, reserved 1120256K
  class space    used 10342K, capacity 11100K, committed 11136K, reserved 1048576K
}
Event: 12.158 GC heap after
{Heap after GC invocations=17 (full 0):
 garbage-first heap   total 189440K, used 65367K [0x0000000080000000, 0x0000000100000000)
  region size 1024K, 10 young (10240K), 10 survivors (10240K)
 Metaspace       used 78972K, capacity 81109K, committed 81280K, reserved 1120256K
  class space    used 10342K, capacity 11100K, committed 11136K, reserved 1048576K
}
Event: 12.911 GC heap before
{Heap before GC invocations=17 (full 0):
 garbage-first heap   total 189440K, used 136023K [0x0000000080000000, 0x0000000100000000)
  region size 1024K, 80 young (81920K), 10 survivors (10240K)
 Metaspace       used 81414K, capacity 83581K, committed 83840K, reserved 1122304K
  class space    used 10572K, capacity 11349K, committed 11392K, reserved 1048576K
}
Event: 12.924 GC heap after
{Heap after GC invocations=18 (full 0):
 garbage-first heap   total 189440K, used 69325K [0x0000000080000000, 0x0000000100000000)
  region size 1024K, 9 young (9216K), 9 survivors (9216K)
 Metaspace       used 81414K, capacity 83581K, committed 83840K, reserved 1122304K
  class space    used 10572K, capacity 11349K, committed 11392K, reserved 1048576K
}
Event: 13.556 GC heap before
{Heap before GC invocations=18 (full 0):
 garbage-first heap   total 189440K, used 141005K [0x0000000080000000, 0x0000000100000000)
  region size 1024K, 80 young (81920K), 9 survivors (9216K)
 Metaspace       used 84332K, capacity 86547K, committed 86784K, reserved 1124352K
  class space    used 10931K, capacity 11716K, committed 11776K, reserved 1048576K
}
Event: 13.567 GC heap after
{Heap after GC invocations=19 (full 0):
 garbage-first heap   total 189440K, used 73674K [0x0000000080000000, 0x0000000100000000)
  region size 1024K, 9 young (9216K), 9 survivors (9216K)
 Metaspace       used 84332K, capacity 86547K, committed 86784K, reserved 1124352K
  class space    used 10931K, capacity 11716K, committed 11776K, reserved 1048576K
}
Event: 15.884 GC heap before
{Heap before GC invocations=19 (full 0):
 garbage-first heap   total 189440K, used 144330K [0x0000000080000000, 0x0000000100000000)
  region size 1024K, 79 young (80896K), 9 survivors (9216K)
 Metaspace       used 85862K, capacity 88037K, committed 88192K, reserved 1126400K
  class space    used 11093K, capacity 11872K, committed 11904K, reserved 1048576K
}
Event: 15.897 GC heap after
{Heap after GC invocations=20 (full 0):
 garbage-first heap   total 189440K, used 79872K [0x0000000080000000, 0x0000000100000000)
  region size 1024K, 10 young (10240K), 10 survivors (10240K)
 Metaspace       used 85862K, capacity 88037K, committed 88192K, reserved 1126400K
  class space    used 11093K, capacity 11872K, committed 11904K, reserved 1048576K
}
Event: 16.816 GC heap before
{Heap before GC invocations=20 (full 0):
 garbage-first heap   total 189440K, used 147456K [0x0000000080000000, 0x0000000100000000)
  region size 1024K, 77 young (78848K), 10 survivors (10240K)
 Metaspace       used 87373K, capacity 89517K, committed 89600K, reserved 1126400K
  class space    used 11258K, capacity 12001K, committed 12032K, reserved 1048576K
}
Event: 16.826 GC heap after
{Heap after GC invocations=21 (full 0):
 garbage-first heap   total 189440K, used 83524K [0x0000000080000000, 0x0000000100000000)
  region size 1024K, 6 young (6144K), 6 survivors (6144K)
 Metaspace       used 87373K, capacity 89517K, committed 89600K, reserved 1126400K
  class space    used 11258K, capacity 12001K, committed 12032K, reserved 1048576K
}
Event: 18.978 GC heap before
{Heap before GC invocations=21 (full 0):
 garbage-first heap   total 189440K, used 151108K [0x0000000080000000, 0x0000000100000000)
  region size 1024K, 71 young (72704K), 6 survivors (6144K)
 Metaspace       used 94316K, capacity 96623K, committed 96640K, reserved 1132544K
  class space    used 12081K, capacity 12919K, committed 12928K, reserved 1048576K
}
Event: 18.996 GC heap after
{Heap after GC invocations=22 (full 0):
 garbage-first heap   total 189440K, used 95212K [0x0000000080000000, 0x0000000100000000)
  region size 1024K, 9 young (9216K), 9 survivors (9216K)
 Metaspace       used 94316K, capacity 96623K, committed 96640K, reserved 1132544K
  class space    used 12081K, capacity 12919K, committed 12928K, reserved 1048576K
}

