# JRE version: OpenJDK Runtime Environment (11.0.10) (build 11.0.10+0-b96-7249189)
# Java VM: OpenJDK 64-Bit Server VM (11.0.10+0-b96-7249189, mixed mode, tiered, compressed oops, g1 gc, windows-amd64)
Heap:
 garbage-first heap   total 227328K, used 121603K [0x0000000080000000, 0x0000000100000000)
  region size 1024K, 35 young (35840K), 12 survivors (12288K)
 Metaspace       used 100896K, capacity 103886K, committed 104140K, reserved 1138688K
  class space    used 13100K, capacity 14224K, committed 14284K, reserved 1048576K
GC Heap History (20 events):
Event: 6.359 GC heap before
{Heap before GC invocations=10 (full 0):
 garbage-first heap   total 157696K, used 119846K [0x0000000080000000, 0x0000000100000000)
  region size 1024K, 92 young (94208K), 12 survivors (12288K)
 Metaspace       used 57659K, capacity 59180K, committed 59340K, reserved 1101824K
  class space    used 7324K, capacity 7861K, committed 7884K, reserved 1048576K
}
Event: 6.374 GC heap after
{Heap after GC invocations=11 (full 0):
 garbage-first heap   total 189440K, used 44249K [0x0000000080000000, 0x0000000100000000)
  region size 1024K, 12 young (12288K), 12 survivors (12288K)
 Metaspace       used 57659K, capacity 59180K, committed 59340K, reserved 1101824K
  class space    used 7324K, capacity 7861K, committed 7884K, reserved 1048576K
}
Event: 6.477 GC heap before
{Heap before GC invocations=11 (full 0):
 garbage-first heap   total 189440K, used 49369K [0x0000000080000000, 0x0000000100000000)
  region size 1024K, 18 young (18432K), 12 survivors (12288K)
 Metaspace       used 58640K, capacity 60156K, committed 60236K, reserved 1101824K
  class space    used 7438K, capacity 7973K, committed 8012K, reserved 1048576K
}
Event: 6.496 GC heap after
{Heap after GC invocations=12 (full 0):
 garbage-first heap   total 189440K, used 46103K [0x0000000080000000, 0x0000000100000000)
  region size 1024K, 8 young (8192K), 8 survivors (8192K)
 Metaspace       used 58640K, capacity 60156K, committed 60236K, reserved 1101824K
  class space    used 7438K, capacity 7973K, committed 8012K, reserved 1048576K
}
Event: 7.098 GC heap before
{Heap before GC invocations=13 (full 0):
 garbage-first heap   total 189440K, used 108567K [0x0000000080000000, 0x0000000100000000)
  region size 1024K, 69 young (70656K), 8 survivors (8192K)
 Metaspace       used 63296K, capacity 64995K, committed 65228K, reserved 1105920K
  class space    used 8052K, capacity 8612K, committed 8652K, reserved 1048576K
}
Event: 7.115 GC heap after
{Heap after GC invocations=14 (full 0):
 garbage-first heap   total 189440K, used 51573K [0x0000000080000000, 0x0000000100000000)
  region size 1024K, 7 young (7168K), 7 survivors (7168K)
 Metaspace       used 63296K, capacity 64995K, committed 65228K, reserved 1105920K
  class space    used 8052K, capacity 8612K, committed 8652K, reserved 1048576K
}
Event: 7.861 GC heap before
{Heap before GC invocations=15 (full 0):
 garbage-first heap   total 189440K, used 116085K [0x0000000080000000, 0x0000000100000000)
  region size 1024K, 70 young (71680K), 7 survivors (7168K)
 Metaspace       used 69407K, capacity 71103K, committed 71372K, reserved 1112064K
  class space    used 9006K, capacity 9590K, committed 9676K, reserved 1048576K
}
Event: 7.870 GC heap after
{Heap after GC invocations=16 (full 0):
 garbage-first heap   total 189440K, used 56177K [0x0000000080000000, 0x0000000100000000)
  region size 1024K, 5 young (5120K), 5 survivors (5120K)
 Metaspace       used 69407K, capacity 71103K, committed 71372K, reserved 1112064K
  class space    used 9006K, capacity 9590K, committed 9676K, reserved 1048576K
}
Event: 8.688 GC heap before
{Heap before GC invocations=16 (full 0):
 garbage-first heap   total 189440K, used 123761K [0x0000000080000000, 0x0000000100000000)
  region size 1024K, 71 young (72704K), 5 survivors (5120K)
 Metaspace       used 76512K, capacity 78395K, committed 78540K, reserved 1118208K
  class space    used 9990K, capacity 10674K, committed 10700K, reserved 1048576K
}
Event: 8.700 GC heap after
{Heap after GC invocations=17 (full 0):
 garbage-first heap   total 189440K, used 59861K [0x0000000080000000, 0x0000000100000000)
  region size 1024K, 9 young (9216K), 9 survivors (9216K)
 Metaspace       used 76512K, capacity 78395K, committed 78540K, reserved 1118208K
  class space    used 9990K, capacity 10674K, committed 10700K, reserved 1048576K
}
Event: 9.692 GC heap before
{Heap before GC invocations=17 (full 0):
 garbage-first heap   total 189440K, used 128469K [0x0000000080000000, 0x0000000100000000)
  region size 1024K, 77 young (78848K), 9 survivors (9216K)
 Metaspace       used 78974K, capacity 81118K, committed 81228K, reserved 1120256K
  class space    used 10334K, capacity 11082K, committed 11084K, reserved 1048576K
}
Event: 9.705 GC heap after
{Heap after GC invocations=18 (full 0):
 garbage-first heap   total 227328K, used 64725K [0x0000000080000000, 0x0000000100000000)
  region size 1024K, 9 young (9216K), 9 survivors (9216K)
 Metaspace       used 78974K, capacity 81118K, committed 81228K, reserved 1120256K
  class space    used 10334K, capacity 11082K, committed 11084K, reserved 1048576K
}
Event: 11.089 GC heap before
{Heap before GC invocations=18 (full 0):
 garbage-first heap   total 227328K, used 154837K [0x0000000080000000, 0x0000000100000000)
  region size 1024K, 98 young (100352K), 9 survivors (9216K)
 Metaspace       used 84523K, capacity 86759K, committed 86860K, reserved 1124352K
  class space    used 11005K, capacity 11797K, committed 11852K, reserved 1048576K
}
Event: 11.101 GC heap after
{Heap after GC invocations=19 (full 0):
 garbage-first heap   total 227328K, used 69519K [0x0000000080000000, 0x0000000100000000)
  region size 1024K, 10 young (10240K), 10 survivors (10240K)
 Metaspace       used 84523K, capacity 86759K, committed 86860K, reserved 1124352K
  class space    used 11005K, capacity 11797K, committed 11852K, reserved 1048576K
}
Event: 12.649 GC heap before
{Heap before GC invocations=19 (full 0):
 garbage-first heap   total 227328K, used 163727K [0x0000000080000000, 0x0000000100000000)
  region size 1024K, 100 young (102400K), 10 survivors (10240K)
 Metaspace       used 89735K, capacity 92085K, committed 92236K, reserved 1128448K
  class space    used 11490K, capacity 12304K, committed 12364K, reserved 1048576K
}
Event: 12.668 GC heap after
{Heap after GC invocations=20 (full 0):
 garbage-first heap   total 227328K, used 83524K [0x0000000080000000, 0x0000000100000000)
  region size 1024K, 13 young (13312K), 13 survivors (13312K)
 Metaspace       used 89735K, capacity 92085K, committed 92236K, reserved 1128448K
  class space    used 11490K, capacity 12304K, committed 12364K, reserved 1048576K
}
Event: 13.695 GC heap before
{Heap before GC invocations=20 (full 0):
 garbage-first heap   total 227328K, used 166468K [0x0000000080000000, 0x0000000100000000)
  region size 1024K, 95 young (97280K), 13 survivors (13312K)
 Metaspace       used 90449K, capacity 92867K, committed 93132K, reserved 1130496K
  class space    used 11558K, capacity 12407K, committed 12492K, reserved 1048576K
}
Event: 13.712 GC heap after
{Heap after GC invocations=21 (full 0):
 garbage-first heap   total 227328K, used 87698K [0x0000000080000000, 0x0000000100000000)
  region size 1024K, 7 young (7168K), 7 survivors (7168K)
 Metaspace       used 90449K, capacity 92867K, committed 93132K, reserved 1130496K
  class space    used 11558K, capacity 12407K, committed 12492K, reserved 1048576K
}
Event: 14.512 GC heap before
{Heap before GC invocations=21 (full 0):
 garbage-first heap   total 227328K, used 174738K [0x0000000080000000, 0x0000000100000000)
  region size 1024K, 89 young (91136K), 7 survivors (7168K)
 Metaspace       used 99941K, capacity 102892K, committed 102988K, reserved 1138688K
  class space    used 13021K, capacity 14136K, committed 14156K, reserved 1048576K
}
Event: 14.530 GC heap after
{Heap after GC invocations=22 (full 0):
 garbage-first heap   total 227328K, used 99075K [0x0000000080000000, 0x0000000100000000)
  region size 1024K, 12 young (12288K), 12 survivors (12288K)
 Metaspace       used 99941K, capacity 102892K, committed 102988K, reserved 1138688K
  class space    used 13021K, capacity 14136K, committed 14156K, reserved 1048576K
}

