# JRE version: OpenJDK Runtime Environment (11.0.10) (build 11.0.10+0-b96-7249189)
# Java VM: OpenJDK 64-Bit Server VM (11.0.10+0-b96-7249189, mixed mode, tiered, compressed oops, g1 gc, windows-amd64)
Heap:
 garbage-first heap   total 384000K, used 259301K [0x0000000080000000, 0x0000000100000000)
  region size 1024K, 112 young (114688K), 2 survivors (2048K)
 Metaspace       used 137492K, capacity 142360K, committed 143308K, reserved 1173504K
  class space    used 16567K, capacity 18304K, committed 18636K, reserved 1048576K
GC Heap History (20 events):
Event: 9839.053 GC heap before
{Heap before GC invocations=286 (full 0):
 garbage-first heap   total 384000K, used 169185K [0x0000000080000000, 0x0000000100000000)
  region size 1024K, 18 young (18432K), 4 survivors (4096K)
 Metaspace       used 137084K, capacity 141799K, committed 143308K, reserved 1173504K
  class space    used 16508K, capacity 18182K, committed 18636K, reserved 1048576K
}
Event: 9839.063 GC heap after
{Heap after GC invocations=287 (full 0):
 garbage-first heap   total 384000K, used 150433K [0x0000000080000000, 0x0000000100000000)
  region size 1024K, 2 young (2048K), 2 survivors (2048K)
 Metaspace       used 137084K, capacity 141799K, committed 143308K, reserved 1173504K
  class space    used 16508K, capacity 18182K, committed 18636K, reserved 1048576K
}
Event: 9839.455 GC heap before
{Heap before GC invocations=287 (full 0):
 garbage-first heap   total 384000K, used 323489K [0x0000000080000000, 0x0000000100000000)
  region size 1024K, 171 young (175104K), 2 survivors (2048K)
 Metaspace       used 137109K, capacity 141870K, committed 143308K, reserved 1173504K
  class space    used 16509K, capacity 18183K, committed 18636K, reserved 1048576K
}
Event: 9839.464 GC heap after
{Heap after GC invocations=288 (full 0):
 garbage-first heap   total 384000K, used 150883K [0x0000000080000000, 0x0000000100000000)
  region size 1024K, 2 young (2048K), 2 survivors (2048K)
 Metaspace       used 137109K, capacity 141870K, committed 143308K, reserved 1173504K
  class space    used 16509K, capacity 18183K, committed 18636K, reserved 1048576K
}
Event: 9840.086 GC heap before
{Heap before GC invocations=289 (full 0):
 garbage-first heap   total 384000K, used 327011K [0x0000000080000000, 0x0000000100000000)
  region size 1024K, 173 young (177152K), 2 survivors (2048K)
 Metaspace       used 137367K, capacity 142170K, committed 143308K, reserved 1173504K
  class space    used 16559K, capacity 18264K, committed 18636K, reserved 1048576K
}
Event: 9840.094 GC heap after
{Heap after GC invocations=290 (full 0):
 garbage-first heap   total 384000K, used 153705K [0x0000000080000000, 0x0000000100000000)
  region size 1024K, 4 young (4096K), 4 survivors (4096K)
 Metaspace       used 137367K, capacity 142170K, committed 143308K, reserved 1173504K
  class space    used 16559K, capacity 18264K, committed 18636K, reserved 1048576K
}
Event: 9840.139 GC heap before
{Heap before GC invocations=290 (full 0):
 garbage-first heap   total 384000K, used 168041K [0x0000000080000000, 0x0000000100000000)
  region size 1024K, 18 young (18432K), 4 survivors (4096K)
 Metaspace       used 137377K, capacity 142172K, committed 143308K, reserved 1173504K
  class space    used 16559K, capacity 18264K, committed 18636K, reserved 1048576K
}
Event: 9840.146 GC heap after
{Heap after GC invocations=291 (full 0):
 garbage-first heap   total 384000K, used 149936K [0x0000000080000000, 0x0000000100000000)
  region size 1024K, 1 young (1024K), 1 survivors (1024K)
 Metaspace       used 137377K, capacity 142172K, committed 143308K, reserved 1173504K
  class space    used 16559K, capacity 18264K, committed 18636K, reserved 1048576K
}
Event: 9840.600 GC heap before
{Heap before GC invocations=291 (full 0):
 garbage-first heap   total 384000K, used 327088K [0x0000000080000000, 0x0000000100000000)
  region size 1024K, 174 young (178176K), 1 survivors (1024K)
 Metaspace       used 137389K, capacity 142239K, committed 143308K, reserved 1173504K
  class space    used 16560K, capacity 18265K, committed 18636K, reserved 1048576K
}
Event: 9840.608 GC heap after
{Heap after GC invocations=292 (full 0):
 garbage-first heap   total 384000K, used 150905K [0x0000000080000000, 0x0000000100000000)
  region size 1024K, 2 young (2048K), 2 survivors (2048K)
 Metaspace       used 137389K, capacity 142239K, committed 143308K, reserved 1173504K
  class space    used 16560K, capacity 18265K, committed 18636K, reserved 1048576K
}
Event: 9841.435 GC heap before
{Heap before GC invocations=293 (full 0):
 garbage-first heap   total 384000K, used 328057K [0x0000000080000000, 0x0000000100000000)
  region size 1024K, 176 young (180224K), 2 survivors (2048K)
 Metaspace       used 137396K, capacity 142240K, committed 143308K, reserved 1173504K
  class space    used 16560K, capacity 18265K, committed 18636K, reserved 1048576K
}
Event: 9841.441 GC heap after
{Heap after GC invocations=294 (full 0):
 garbage-first heap   total 384000K, used 150103K [0x0000000080000000, 0x0000000100000000)
  region size 1024K, 2 young (2048K), 2 survivors (2048K)
 Metaspace       used 137396K, capacity 142240K, committed 143308K, reserved 1173504K
  class space    used 16560K, capacity 18265K, committed 18636K, reserved 1048576K
}
Event: 9841.500 GC heap before
{Heap before GC invocations=294 (full 0):
 garbage-first heap   total 384000K, used 166487K [0x0000000080000000, 0x0000000100000000)
  region size 1024K, 18 young (18432K), 2 survivors (2048K)
 Metaspace       used 137396K, capacity 142240K, committed 143308K, reserved 1173504K
  class space    used 16560K, capacity 18265K, committed 18636K, reserved 1048576K
}
Event: 9841.531 GC heap after
{Heap after GC invocations=295 (full 0):
 garbage-first heap   total 384000K, used 139266K [0x0000000080000000, 0x0000000100000000)
  region size 1024K, 2 young (2048K), 2 survivors (2048K)
 Metaspace       used 137396K, capacity 142240K, committed 143308K, reserved 1173504K
  class space    used 16560K, capacity 18265K, committed 18636K, reserved 1048576K
}
Event: 9842.214 GC heap before
{Heap before GC invocations=295 (full 0):
 garbage-first heap   total 384000K, used 324610K [0x0000000080000000, 0x0000000100000000)
  region size 1024K, 184 young (188416K), 2 survivors (2048K)
 Metaspace       used 137434K, capacity 142253K, committed 143308K, reserved 1173504K
  class space    used 16562K, capacity 18269K, committed 18636K, reserved 1048576K
}
Event: 9842.225 GC heap after
{Heap after GC invocations=296 (full 0):
 garbage-first heap   total 384000K, used 143997K [0x0000000080000000, 0x0000000100000000)
  region size 1024K, 7 young (7168K), 7 survivors (7168K)
 Metaspace       used 137434K, capacity 142253K, committed 143308K, reserved 1173504K
  class space    used 16562K, capacity 18269K, committed 18636K, reserved 1048576K
}
Event: 9842.971 GC heap before
{Heap before GC invocations=297 (full 0):
 garbage-first heap   total 384000K, used 327293K [0x0000000080000000, 0x0000000100000000)
  region size 1024K, 185 young (189440K), 7 survivors (7168K)
 Metaspace       used 137460K, capacity 142258K, committed 143308K, reserved 1173504K
  class space    used 16562K, capacity 18270K, committed 18636K, reserved 1048576K
}
Event: 9843.057 GC heap after
{Heap after GC invocations=298 (full 0):
 garbage-first heap   total 384000K, used 150226K [0x0000000080000000, 0x0000000100000000)
  region size 1024K, 13 young (13312K), 13 survivors (13312K)
 Metaspace       used 137460K, capacity 142258K, committed 143308K, reserved 1173504K
  class space    used 16562K, capacity 18270K, committed 18636K, reserved 1048576K
}
Event: 9843.068 GC heap before
{Heap before GC invocations=298 (full 0):
 garbage-first heap   total 384000K, used 157394K [0x0000000080000000, 0x0000000100000000)
  region size 1024K, 18 young (18432K), 13 survivors (13312K)
 Metaspace       used 137463K, capacity 142259K, committed 143308K, reserved 1173504K
  class space    used 16562K, capacity 18270K, committed 18636K, reserved 1048576K
}
Event: 9843.100 GC heap after
{Heap after GC invocations=299 (full 0):
 garbage-first heap   total 384000K, used 147685K [0x0000000080000000, 0x0000000100000000)
  region size 1024K, 2 young (2048K), 2 survivors (2048K)
 Metaspace       used 137463K, capacity 142259K, committed 143308K, reserved 1173504K
  class space    used 16562K, capacity 18270K, committed 18636K, reserved 1048576K
}

